<?xml version="1.0" encoding="UTF-8"?>
<testsuite name="io.flutter.plugins.pathprovider.StorageDirectoryMapperTest" tests="3" skipped="0" failures="0" errors="0" timestamp="2023-03-23T19:59:43" hostname="DESKTOP-K6KPKK7" time="0.005">
  <properties/>
  <testcase name="testAndroidType_valid" classname="io.flutter.plugins.pathprovider.StorageDirectoryMapperTest" time="0.004"/>
  <testcase name="testAndroidType_null" classname="io.flutter.plugins.pathprovider.StorageDirectoryMapperTest" time="0.0"/>
  <testcase name="testAndroidType_invalid" classname="io.flutter.plugins.pathprovider.StorageDirectoryMapperTest" time="0.001"/>
  <system-out><![CDATA[]]></system-out>
  <system-err><![CDATA[]]></system-err>
</testsuite>
