<?xml version="1.0" encoding="UTF-8"?>
<testsuite name="io.flutter.plugins.sharedpreferences.SharedPreferencesTest" tests="1" skipped="0" failures="0" errors="0" timestamp="2023-03-23T19:59:49" hostname="DESKTOP-K6KPKK7" time="0.003">
  <properties/>
  <testcase name="initPluginDoesNotThrow" classname="io.flutter.plugins.sharedpreferences.SharedPreferencesTest" time="0.003"/>
  <system-out><![CDATA[]]></system-out>
  <system-err><![CDATA[]]></system-err>
</testsuite>
